# JRE version: 6.0_31-b31
# Java VM: OpenJDK 64-Bit Server VM (23.25-b01 mixed mode linux-amd64 compressed oops)
Heap
 PSYoungGen      total 303168K, used 220109K [0x00000000eb600000, 0x00000000fff30000, 0x0000000100000000)
  eden space 269312K, 81% used [0x00000000eb600000,0x00000000f8c08550,0x00000000fbd00000)
  from space 33856K, 2% used [0x00000000fbd00000,0x00000000fbdeb100,0x00000000fde10000)
  to   space 33152K, 0% used [0x00000000fded0000,0x00000000fded0000,0x00000000fff30000)
 ParOldGen       total 98112K, used 76981K [0x00000000c2200000, 0x00000000c81d0000, 0x00000000eb600000)
  object space 98112K, 78% used [0x00000000c2200000,0x00000000c6d2d6d8,0x00000000c81d0000)
 PSPermGen       total 50944K, used 25828K [0x00000000b7c00000, 0x00000000badc0000, 0x00000000c2200000)
  object space 50944K, 50% used [0x00000000b7c00000,0x00000000b9539188,0x00000000badc0000)
GC Heap History (10 events):
Event: 1494.303 GC heap before
{Heap before GC invocations=10 (full 0):
 PSYoungGen      total 265152K, used 265135K [0x00000000eb600000, 0x0000000100000000, 0x0000000100000000)
  eden space 251648K, 100% used [0x00000000eb600000,0x00000000fabc0000,0x00000000fabc0000)
  from space 13504K, 99% used [0x00000000fabc0000,0x00000000fb8ebf48,0x00000000fb8f0000)
  to   space 18240K, 0% used [0x00000000fee30000,0x00000000fee30000,0x0000000100000000)
 ParOldGen       total 42240K, used 25629K [0x00000000c2200000, 0x00000000c4b40000, 0x00000000eb600000)
  object space 42240K, 60% used [0x00000000c2200000,0x00000000c3b07468,0x00000000c4b40000)
 PSPermGen       total 25280K, used 25203K [0x00000000b7c00000, 0x00000000b94b0000, 0x00000000c2200000)
  object space 25280K, 99% used [0x00000000b7c00000,0x00000000b949cfb8,0x00000000b94b0000)
Event: 1494.460 GC heap after
Heap after GC invocations=10 (full 0):
 PSYoungGen      total 287296K, used 18210K [0x00000000eb600000, 0x0000000100000000, 0x0000000100000000)
  eden space 269056K, 0% used [0x00000000eb600000,0x00000000eb600000,0x00000000fbcc0000)
  from space 18240K, 99% used [0x00000000fee30000,0x00000000ffff89e0,0x0000000100000000)
  to   space 34432K, 0% used [0x00000000fbcc0000,0x00000000fbcc0000,0x00000000fde60000)
 ParOldGen       total 62016K, used 61968K [0x00000000c2200000, 0x00000000c5e90000, 0x00000000eb600000)
  object space 62016K, 99% used [0x00000000c2200000,0x00000000c5e84160,0x00000000c5e90000)
 PSPermGen       total 25280K, used 25203K [0x00000000b7c00000, 0x00000000b94b0000, 0x00000000c2200000)
  object space 25280K, 99% used [0x00000000b7c00000,0x00000000b949cfb8,0x00000000b94b0000)
}
Event: 1494.460 GC heap before
{Heap before GC invocations=11 (full 1):
 PSYoungGen      total 287296K, used 18210K [0x00000000eb600000, 0x0000000100000000, 0x0000000100000000)
  eden space 269056K, 0% used [0x00000000eb600000,0x00000000eb600000,0x00000000fbcc0000)
  from space 18240K, 99% used [0x00000000fee30000,0x00000000ffff89e0,0x0000000100000000)
  to   space 34432K, 0% used [0x00000000fbcc0000,0x00000000fbcc0000,0x00000000fde60000)
 ParOldGen       total 62016K, used 61968K [0x00000000c2200000, 0x00000000c5e90000, 0x00000000eb600000)
  object space 62016K, 99% used [0x00000000c2200000,0x00000000c5e84160,0x00000000c5e90000)
 PSPermGen       total 25280K, used 25203K [0x00000000b7c00000, 0x00000000b94b0000, 0x00000000c2200000)
  object space 25280K, 99% used [0x00000000b7c00000,0x00000000b949cfb8,0x00000000b94b0000)
Event: 1495.313 GC heap after
Heap after GC invocations=11 (full 1):
 PSYoungGen      total 287296K, used 14029K [0x00000000eb600000, 0x0000000100000000, 0x0000000100000000)
  eden space 269056K, 0% used [0x00000000eb600000,0x00000000eb600000,0x00000000fbcc0000)
  from space 18240K, 76% used [0x00000000fee30000,0x00000000ffbe3698,0x0000000100000000)
  to   space 34432K, 0% used [0x00000000fbcc0000,0x00000000fbcc0000,0x00000000fde60000)
 ParOldGen       total 98112K, used 61939K [0x00000000c2200000, 0x00000000c81d0000, 0x00000000eb600000)
  object space 98112K, 63% used [0x00000000c2200000,0x00000000c5e7cdd0,0x00000000c81d0000)
 PSPermGen       total 50944K, used 25177K [0x00000000b7c00000, 0x00000000badc0000, 0x00000000c2200000)
  object space 50944K, 49% used [0x00000000b7c00000,0x00000000b9496688,0x00000000badc0000)
}
Event: 2203.294 GC heap before
{Heap before GC invocations=12 (full 1):
 PSYoungGen      total 287296K, used 283085K [0x00000000eb600000, 0x0000000100000000, 0x0000000100000000)
  eden space 269056K, 100% used [0x00000000eb600000,0x00000000fbcc0000,0x00000000fbcc0000)
  from space 18240K, 76% used [0x00000000fee30000,0x00000000ffbe3698,0x0000000100000000)
  to   space 34432K, 0% used [0x00000000fbcc0000,0x00000000fbcc0000,0x00000000fde60000)
 ParOldGen       total 98112K, used 61939K [0x00000000c2200000, 0x00000000c81d0000, 0x00000000eb600000)
  object space 98112K, 63% used [0x00000000c2200000,0x00000000c5e7cdd0,0x00000000c81d0000)
 PSPermGen       total 50944K, used 25566K [0x00000000b7c00000, 0x00000000badc0000, 0x00000000c2200000)
  object space 50944K, 50% used [0x00000000b7c00000,0x00000000b94f7b60,0x00000000badc0000)
Event: 2203.382 GC heap after
Heap after GC invocations=12 (full 1):
 PSYoungGen      total 303488K, used 1417K [0x00000000eb600000, 0x0000000100000000, 0x0000000100000000)
  eden space 269056K, 0% used [0x00000000eb600000,0x00000000eb600000,0x00000000fbcc0000)
  from space 34432K, 4% used [0x00000000fbcc0000,0x00000000fbe22768,0x00000000fde60000)
  to   space 34176K, 0% used [0x00000000fdea0000,0x00000000fdea0000,0x0000000100000000)
 ParOldGen       total 98112K, used 76007K [0x00000000c2200000, 0x00000000c81d0000, 0x00000000eb600000)
  object space 98112K, 77% used [0x00000000c2200000,0x00000000c6c39d28,0x00000000c81d0000)
 PSPermGen       total 50944K, used 25566K [0x00000000b7c00000, 0x00000000badc0000, 0x00000000c2200000)
  object space 50944K, 50% used [0x00000000b7c00000,0x00000000b94f7b60,0x00000000badc0000)
}
Event: 2238.537 GC heap before
{Heap before GC invocations=13 (full 1):
 PSYoungGen      total 303488K, used 270473K [0x00000000eb600000, 0x0000000100000000, 0x0000000100000000)
  eden space 269056K, 100% used [0x00000000eb600000,0x00000000fbcc0000,0x00000000fbcc0000)
  from space 34432K, 4% used [0x00000000fbcc0000,0x00000000fbe22768,0x00000000fde60000)
  to   space 34176K, 0% used [0x00000000fdea0000,0x00000000fdea0000,0x0000000100000000)
 ParOldGen       total 98112K, used 76007K [0x00000000c2200000, 0x00000000c81d0000, 0x00000000eb600000)
  object space 98112K, 77% used [0x00000000c2200000,0x00000000c6c39d28,0x00000000c81d0000)
 PSPermGen       total 50944K, used 25631K [0x00000000b7c00000, 0x00000000badc0000, 0x00000000c2200000)
  object space 50944K, 50% used [0x00000000b7c00000,0x00000000b9507e20,0x00000000badc0000)
Event: 2238.552 GC heap after
Heap after GC invocations=13 (full 1):
 PSYoungGen      total 302592K, used 357K [0x00000000eb600000, 0x00000000fff20000, 0x0000000100000000)
  eden space 269312K, 0% used [0x00000000eb600000,0x00000000eb600000,0x00000000fbd00000)
  from space 33280K, 1% used [0x00000000fdea0000,0x00000000fdef94a8,0x00000000fff20000)
  to   space 33856K, 0% used [0x00000000fbd00000,0x00000000fbd00000,0x00000000fde10000)
 ParOldGen       total 98112K, used 76957K [0x00000000c2200000, 0x00000000c81d0000, 0x00000000eb600000)
  object space 98112K, 78% used [0x00000000c2200000,0x00000000c6d276d8,0x00000000c81d0000)
 PSPermGen       total 50944K, used 25631K [0x00000000b7c00000, 0x00000000badc0000, 0x00000000c2200000)
  object space 50944K, 50% used [0x00000000b7c00000,0x00000000b9507e20,0x00000000badc0000)
}
Event: 3685.281 GC heap before
{Heap before GC invocations=14 (full 1):
 PSYoungGen      total 302592K, used 269669K [0x00000000eb600000, 0x00000000fff20000, 0x0000000100000000)
  eden space 269312K, 100% used [0x00000000eb600000,0x00000000fbd00000,0x00000000fbd00000)
  from space 33280K, 1% used [0x00000000fdea0000,0x00000000fdef94a8,0x00000000fff20000)
  to   space 33856K, 0% used [0x00000000fbd00000,0x00000000fbd00000,0x00000000fde10000)
 ParOldGen       total 98112K, used 76957K [0x00000000c2200000, 0x00000000c81d0000, 0x00000000eb600000)
  object space 98112K, 78% used [0x00000000c2200000,0x00000000c6d276d8,0x00000000c81d0000)
 PSPermGen       total 50944K, used 25821K [0x00000000b7c00000, 0x00000000badc0000, 0x00000000c2200000)
  object space 50944K, 50% used [0x00000000b7c00000,0x00000000b95375d0,0x00000000badc0000)
Event: 3685.288 GC heap after
Heap after GC invocations=14 (full 1):
 PSYoungGen      total 303168K, used 940K [0x00000000eb600000, 0x00000000fff30000, 0x0000000100000000)
  eden space 269312K, 0% used [0x00000000eb600000,0x00000000eb600000,0x00000000fbd00000)
  from space 33856K, 2% used [0x00000000fbd00000,0x00000000fbdeb100,0x00000000fde10000)
  to   space 33152K, 0% used [0x00000000fded0000,0x00000000fded0000,0x00000000fff30000)
 ParOldGen       total 98112K, used 76981K [0x00000000c2200000, 0x00000000c81d0000, 0x00000000eb600000)
  object space 98112K, 78% used [0x00000000c2200000,0x00000000c6d2d6d8,0x00000000c81d0000)
 PSPermGen       total 50944K, used 25821K [0x00000000b7c00000, 0x00000000badc0000, 0x00000000c2200000)
  object space 50944K, 50% used [0x00000000b7c00000,0x00000000b95375d0,0x00000000badc0000)
}

